[2025-08-11T14:57:02] Start
Already up to date.
[main 61bcafc] chore(heartbeat): 2025-08-11
 1 file changed, 1 insertion(+)
[2025-08-11T14:57:04] Done
[2025-08-11T17:28:40] Start
Already up to date.
[main 15ddad6] chore(heartbeat): 2025-08-11
 1 file changed, 1 insertion(+)
[2025-08-11T17:28:42] Done
2025-08-11T17:58:39 probe
2025-08-11T18:05:11 Commit started
2025-08-11T18:05:12 Commit finished
2025-08-11T18:11:16 Commit started
2025-08-11T18:11:18 Commit finished
2025-08-16T05:30:32 Commit started
2025-08-18T05:30:32 Commit started
2025-08-23T05:30:36 Commit started
2025-09-14T05:30:32 Commit started
2025-12-07T05:30:35 Commit started
2025-12-07T05:30:38 Commit finished
2025-12-30T05:30:36 Commit started
2026-02-08T05:30:35 Commit started
2026-03-08T05:30:33 Commit started
2026-04-06T05:30:32 Commit started
